# Logfile created on 2014-02-05 11:32:55 -0800 by logger.rb/41954
I, [2014-02-05T11:32:55.837472 #96521]  INFO -- : 0:  rake (10.1.1) from /Users/hackreactor/.rvm/gems/ruby-2.0.0-p353@shortly/specifications/rake-10.1.1.gemspec
I, [2014-02-05T11:32:56.893870 #96521]  INFO -- : 0:  i18n (0.6.9) from /Users/hackreactor/.rvm/gems/ruby-2.0.0-p353@shortly/specifications/i18n-0.6.9.gemspec
I, [2014-02-05T11:32:58.470422 #96521]  INFO -- : 0:  minitest (4.7.5) from /Users/hackreactor/.rvm/gems/ruby-2.0.0-p353@shortly/specifications/minitest-4.7.5.gemspec
I, [2014-02-05T11:32:58.988786 #96521]  INFO -- : 0:  multi_json (1.8.4) from /Users/hackreactor/.rvm/gems/ruby-2.0.0-p353@shortly/specifications/multi_json-1.8.4.gemspec
I, [2014-02-05T11:33:02.051101 #96521]  INFO -- : 0:  atomic (1.1.14) from /Users/hackreactor/.rvm/gems/ruby-2.0.0-p353@shortly/specifications/atomic-1.1.14.gemspec
I, [2014-02-05T11:33:02.681229 #96521]  INFO -- : 0:  thread_safe (0.1.3) from /Users/hackreactor/.rvm/gems/ruby-2.0.0-p353@shortly/specifications/thread_safe-0.1.3.gemspec
I, [2014-02-05T11:33:04.475654 #96521]  INFO -- : 0:  tzinfo (0.3.38) from /Users/hackreactor/.rvm/gems/ruby-2.0.0-p353@shortly/specifications/tzinfo-0.3.38.gemspec
I, [2014-02-05T11:33:05.397373 #96521]  INFO -- : 0:  activesupport (4.0.2) from /Users/hackreactor/.rvm/gems/ruby-2.0.0-p353@shortly/specifications/activesupport-4.0.2.gemspec
I, [2014-02-05T11:33:06.163379 #96521]  INFO -- : 0:  builder (3.1.4) from /Users/hackreactor/.rvm/gems/ruby-2.0.0-p353@shortly/specifications/builder-3.1.4.gemspec
I, [2014-02-05T11:33:06.727427 #96521]  INFO -- : 0:  activemodel (4.0.2) from /Users/hackreactor/.rvm/gems/ruby-2.0.0-p353@shortly/specifications/activemodel-4.0.2.gemspec
I, [2014-02-05T11:33:08.319445 #96521]  INFO -- : 0:  activerecord-deprecated_finders (1.0.3) from /Users/hackreactor/.rvm/gems/ruby-2.0.0-p353@shortly/specifications/activerecord-deprecated_finders-1.0.3.gemspec
I, [2014-02-05T11:33:08.908664 #96521]  INFO -- : 0:  arel (4.0.1) from /Users/hackreactor/.rvm/gems/ruby-2.0.0-p353@shortly/specifications/arel-4.0.1.gemspec
I, [2014-02-05T11:33:09.824311 #96521]  INFO -- : 0:  activerecord (4.0.2) from /Users/hackreactor/.rvm/gems/ruby-2.0.0-p353@shortly/specifications/activerecord-4.0.2.gemspec
I, [2014-02-05T11:33:11.085549 #96521]  INFO -- : 0:  backports (3.5.0) from /Users/hackreactor/.rvm/gems/ruby-2.0.0-p353@shortly/specifications/backports-3.5.0.gemspec
I, [2014-02-05T11:33:12.083932 #96521]  INFO -- : 0:  bond (0.4.3) from /Users/hackreactor/.rvm/gems/ruby-2.0.0-p353@shortly/specifications/bond-0.4.3.gemspec
I, [2014-02-05T11:33:12.692382 #96521]  INFO -- : 0:  coderay (1.1.0) from /Users/hackreactor/.rvm/gems/ruby-2.0.0-p353@shortly/specifications/coderay-1.1.0.gemspec
I, [2014-02-05T11:33:13.586490 #96521]  INFO -- : 0:  daemons (1.1.9) from /Users/hackreactor/.rvm/gems/ruby-2.0.0-p353@shortly/specifications/daemons-1.1.9.gemspec
I, [2014-02-05T11:33:14.098840 #96521]  INFO -- : 0:  diff-lcs (1.2.5) from /Users/hackreactor/.rvm/gems/ruby-2.0.0-p353@shortly/specifications/diff-lcs-1.2.5.gemspec
I, [2014-02-05T11:33:22.724036 #96521]  INFO -- : 0:  eventmachine (1.0.3) from /Users/hackreactor/.rvm/gems/ruby-2.0.0-p353@shortly/specifications/eventmachine-1.0.3.gemspec
I, [2014-02-05T11:33:23.165334 #96521]  INFO -- : 0:  method_source (0.8.2) from /Users/hackreactor/.rvm/gems/ruby-2.0.0-p353@shortly/specifications/method_source-0.8.2.gemspec
I, [2014-02-05T11:33:23.609595 #96521]  INFO -- : 0:  slop (3.4.7) from /Users/hackreactor/.rvm/gems/ruby-2.0.0-p353@shortly/specifications/slop-3.4.7.gemspec
I, [2014-02-05T11:33:24.395705 #96521]  INFO -- : 0:  pry (0.9.12.6) from /Users/hackreactor/.rvm/gems/ruby-2.0.0-p353@shortly/specifications/pry-0.9.12.6.gemspec
I, [2014-02-05T11:33:25.502394 #96521]  INFO -- : 0:  rack (1.5.2) from /Users/hackreactor/.rvm/gems/ruby-2.0.0-p353@shortly/specifications/rack-1.5.2.gemspec
I, [2014-02-05T11:33:26.178639 #96521]  INFO -- : 0:  rack-protection (1.5.2) from /Users/hackreactor/.rvm/gems/ruby-2.0.0-p353@shortly/specifications/rack-protection-1.5.2.gemspec
I, [2014-02-05T11:33:26.988273 #96521]  INFO -- : 0:  rack-test (0.6.2) from /Users/hackreactor/.rvm/gems/ruby-2.0.0-p353@shortly/specifications/rack-test-0.6.2.gemspec
I, [2014-02-05T11:33:27.811521 #96521]  INFO -- : 0:  ripl (0.7.0) from /Users/hackreactor/.rvm/gems/ruby-2.0.0-p353@shortly/specifications/ripl-0.7.0.gemspec
I, [2014-02-05T11:33:28.258615 #96521]  INFO -- : 0:  ripl-multi_line (0.3.1) from /Users/hackreactor/.rvm/gems/ruby-2.0.0-p353@shortly/specifications/ripl-multi_line-0.3.1.gemspec
I, [2014-02-05T11:33:29.336226 #96521]  INFO -- : 0:  ripl-rack (0.2.0) from /Users/hackreactor/.rvm/gems/ruby-2.0.0-p353@shortly/specifications/ripl-rack-0.2.0.gemspec
I, [2014-02-05T11:33:30.436708 #96521]  INFO -- : 0:  rspec-core (2.14.7) from /Users/hackreactor/.rvm/gems/ruby-2.0.0-p353@shortly/specifications/rspec-core-2.14.7.gemspec
I, [2014-02-05T11:33:31.408968 #96521]  INFO -- : 0:  rspec-expectations (2.14.5) from /Users/hackreactor/.rvm/gems/ruby-2.0.0-p353@shortly/specifications/rspec-expectations-2.14.5.gemspec
I, [2014-02-05T11:33:32.394805 #96521]  INFO -- : 0:  rspec-mocks (2.14.5) from /Users/hackreactor/.rvm/gems/ruby-2.0.0-p353@shortly/specifications/rspec-mocks-2.14.5.gemspec
I, [2014-02-05T11:33:33.085893 #96521]  INFO -- : 0:  rspec (2.14.1) from /Users/hackreactor/.rvm/gems/ruby-2.0.0-p353@shortly/specifications/rspec-2.14.1.gemspec
I, [2014-02-05T11:33:33.934954 #96521]  INFO -- : 0:  tilt (1.4.1) from /Users/hackreactor/.rvm/gems/ruby-2.0.0-p353@shortly/specifications/tilt-1.4.1.gemspec
I, [2014-02-05T11:33:34.827018 #96521]  INFO -- : 0:  sinatra (1.4.4) from /Users/hackreactor/.rvm/gems/ruby-2.0.0-p353@shortly/specifications/sinatra-1.4.4.gemspec
I, [2014-02-05T11:33:35.285826 #96521]  INFO -- : 0:  sinatra-activerecord (1.2.5) from /Users/hackreactor/.rvm/gems/ruby-2.0.0-p353@shortly/specifications/sinatra-activerecord-1.2.5.gemspec
I, [2014-02-05T11:33:36.255550 #96521]  INFO -- : 0:  sinatra-contrib (1.4.2) from /Users/hackreactor/.rvm/gems/ruby-2.0.0-p353@shortly/specifications/sinatra-contrib-1.4.2.gemspec
I, [2014-02-05T11:33:38.475908 #96521]  INFO -- : 0:  sqlite3 (1.3.8) from /Users/hackreactor/.rvm/gems/ruby-2.0.0-p353@shortly/specifications/sqlite3-1.3.8.gemspec
I, [2014-02-05T11:33:39.607216 #96521]  INFO -- : 0:  thin (1.6.1) from /Users/hackreactor/.rvm/gems/ruby-2.0.0-p353@shortly/specifications/thin-1.6.1.gemspec
I, [2014-02-05T11:33:40.182456 #96521]  INFO -- : 0:  tux (0.3.0) from /Users/hackreactor/.rvm/gems/ruby-2.0.0-p353@shortly/specifications/tux-0.3.0.gemspec
I, [2014-02-05T11:33:40.182965 #96521]  INFO -- : 0:  bundler (1.5.1) from /Users/hackreactor/.rvm/gems/ruby-2.0.0-p353@global/specifications/bundler-1.5.1.gemspec
I, [2014-02-06T16:21:30.249517 #22604]  INFO -- : 0:  rake (10.1.1) from /Users/hackreactor/.rvm/gems/ruby-2.0.0-p353@shortly/specifications/rake-10.1.1.gemspec
I, [2014-02-06T16:21:30.257675 #22604]  INFO -- : 0:  i18n (0.6.9) from /Users/hackreactor/.rvm/gems/ruby-2.0.0-p353@shortly/specifications/i18n-0.6.9.gemspec
I, [2014-02-06T16:21:30.258131 #22604]  INFO -- : 0:  minitest (4.7.5) from /Users/hackreactor/.rvm/gems/ruby-2.0.0-p353@shortly/specifications/minitest-4.7.5.gemspec
I, [2014-02-06T16:21:30.258452 #22604]  INFO -- : 0:  multi_json (1.8.4) from /Users/hackreactor/.rvm/gems/ruby-2.0.0-p353@shortly/specifications/multi_json-1.8.4.gemspec
I, [2014-02-06T16:21:30.258846 #22604]  INFO -- : 0:  atomic (1.1.14) from /Users/hackreactor/.rvm/gems/ruby-2.0.0-p353@shortly/specifications/atomic-1.1.14.gemspec
I, [2014-02-06T16:21:30.259411 #22604]  INFO -- : 0:  thread_safe (0.1.3) from /Users/hackreactor/.rvm/gems/ruby-2.0.0-p353@shortly/specifications/thread_safe-0.1.3.gemspec
I, [2014-02-06T16:21:30.259996 #22604]  INFO -- : 0:  tzinfo (0.3.38) from /Users/hackreactor/.rvm/gems/ruby-2.0.0-p353@shortly/specifications/tzinfo-0.3.38.gemspec
I, [2014-02-06T16:21:30.260461 #22604]  INFO -- : 0:  activesupport (4.0.2) from /Users/hackreactor/.rvm/gems/ruby-2.0.0-p353@shortly/specifications/activesupport-4.0.2.gemspec
I, [2014-02-06T16:21:30.260857 #22604]  INFO -- : 0:  builder (3.1.4) from /Users/hackreactor/.rvm/gems/ruby-2.0.0-p353@shortly/specifications/builder-3.1.4.gemspec
I, [2014-02-06T16:21:30.261322 #22604]  INFO -- : 0:  activemodel (4.0.2) from /Users/hackreactor/.rvm/gems/ruby-2.0.0-p353@shortly/specifications/activemodel-4.0.2.gemspec
I, [2014-02-06T16:21:30.261732 #22604]  INFO -- : 0:  activerecord-deprecated_finders (1.0.3) from /Users/hackreactor/.rvm/gems/ruby-2.0.0-p353@shortly/specifications/activerecord-deprecated_finders-1.0.3.gemspec
I, [2014-02-06T16:21:30.262185 #22604]  INFO -- : 0:  arel (4.0.1) from /Users/hackreactor/.rvm/gems/ruby-2.0.0-p353@shortly/specifications/arel-4.0.1.gemspec
I, [2014-02-06T16:21:30.262608 #22604]  INFO -- : 0:  activerecord (4.0.2) from /Users/hackreactor/.rvm/gems/ruby-2.0.0-p353@shortly/specifications/activerecord-4.0.2.gemspec
I, [2014-02-06T16:21:30.263034 #22604]  INFO -- : 0:  backports (3.5.0) from /Users/hackreactor/.rvm/gems/ruby-2.0.0-p353@shortly/specifications/backports-3.5.0.gemspec
I, [2014-02-06T16:21:30.263438 #22604]  INFO -- : 0:  bcrypt-ruby (3.1.2) from /Users/hackreactor/.rvm/gems/ruby-2.0.0-p353@shortly/specifications/bcrypt-ruby-3.1.2.gemspec
I, [2014-02-06T16:21:30.263858 #22604]  INFO -- : 0:  bond (0.4.3) from /Users/hackreactor/.rvm/gems/ruby-2.0.0-p353@shortly/specifications/bond-0.4.3.gemspec
I, [2014-02-06T16:21:30.264255 #22604]  INFO -- : 0:  coderay (1.1.0) from /Users/hackreactor/.rvm/gems/ruby-2.0.0-p353@shortly/specifications/coderay-1.1.0.gemspec
I, [2014-02-06T16:21:30.264644 #22604]  INFO -- : 0:  daemons (1.1.9) from /Users/hackreactor/.rvm/gems/ruby-2.0.0-p353@shortly/specifications/daemons-1.1.9.gemspec
I, [2014-02-06T16:21:30.265110 #22604]  INFO -- : 0:  diff-lcs (1.2.5) from /Users/hackreactor/.rvm/gems/ruby-2.0.0-p353@shortly/specifications/diff-lcs-1.2.5.gemspec
I, [2014-02-06T16:21:30.265538 #22604]  INFO -- : 0:  eventmachine (1.0.3) from /Users/hackreactor/.rvm/gems/ruby-2.0.0-p353@shortly/specifications/eventmachine-1.0.3.gemspec
I, [2014-02-06T16:21:30.265799 #22604]  INFO -- : 0:  method_source (0.8.2) from /Users/hackreactor/.rvm/gems/ruby-2.0.0-p353@shortly/specifications/method_source-0.8.2.gemspec
I, [2014-02-06T16:21:30.266065 #22604]  INFO -- : 0:  slop (3.4.7) from /Users/hackreactor/.rvm/gems/ruby-2.0.0-p353@shortly/specifications/slop-3.4.7.gemspec
I, [2014-02-06T16:21:30.266346 #22604]  INFO -- : 0:  pry (0.9.12.6) from /Users/hackreactor/.rvm/gems/ruby-2.0.0-p353@shortly/specifications/pry-0.9.12.6.gemspec
I, [2014-02-06T16:21:30.266644 #22604]  INFO -- : 0:  rack (1.5.2) from /Users/hackreactor/.rvm/gems/ruby-2.0.0-p353@shortly/specifications/rack-1.5.2.gemspec
I, [2014-02-06T16:21:30.266886 #22604]  INFO -- : 0:  rack-protection (1.5.2) from /Users/hackreactor/.rvm/gems/ruby-2.0.0-p353@shortly/specifications/rack-protection-1.5.2.gemspec
I, [2014-02-06T16:21:30.267149 #22604]  INFO -- : 0:  rack-test (0.6.2) from /Users/hackreactor/.rvm/gems/ruby-2.0.0-p353@shortly/specifications/rack-test-0.6.2.gemspec
I, [2014-02-06T16:21:30.267421 #22604]  INFO -- : 0:  ripl (0.7.0) from /Users/hackreactor/.rvm/gems/ruby-2.0.0-p353@shortly/specifications/ripl-0.7.0.gemspec
I, [2014-02-06T16:21:30.267658 #22604]  INFO -- : 0:  ripl-multi_line (0.3.1) from /Users/hackreactor/.rvm/gems/ruby-2.0.0-p353@shortly/specifications/ripl-multi_line-0.3.1.gemspec
I, [2014-02-06T16:21:30.268033 #22604]  INFO -- : 0:  ripl-rack (0.2.0) from /Users/hackreactor/.rvm/gems/ruby-2.0.0-p353@shortly/specifications/ripl-rack-0.2.0.gemspec
I, [2014-02-06T16:21:30.268338 #22604]  INFO -- : 0:  rspec-core (2.14.7) from /Users/hackreactor/.rvm/gems/ruby-2.0.0-p353@shortly/specifications/rspec-core-2.14.7.gemspec
I, [2014-02-06T16:21:30.268599 #22604]  INFO -- : 0:  rspec-expectations (2.14.5) from /Users/hackreactor/.rvm/gems/ruby-2.0.0-p353@shortly/specifications/rspec-expectations-2.14.5.gemspec
I, [2014-02-06T16:21:30.268866 #22604]  INFO -- : 0:  rspec-mocks (2.14.5) from /Users/hackreactor/.rvm/gems/ruby-2.0.0-p353@shortly/specifications/rspec-mocks-2.14.5.gemspec
I, [2014-02-06T16:21:30.277150 #22604]  INFO -- : 0:  rspec (2.14.1) from /Users/hackreactor/.rvm/gems/ruby-2.0.0-p353@shortly/specifications/rspec-2.14.1.gemspec
I, [2014-02-06T16:21:30.277557 #22604]  INFO -- : 0:  tilt (1.4.1) from /Users/hackreactor/.rvm/gems/ruby-2.0.0-p353@shortly/specifications/tilt-1.4.1.gemspec
I, [2014-02-06T16:21:30.277887 #22604]  INFO -- : 0:  sinatra (1.4.4) from /Users/hackreactor/.rvm/gems/ruby-2.0.0-p353@shortly/specifications/sinatra-1.4.4.gemspec
I, [2014-02-06T16:21:30.278215 #22604]  INFO -- : 0:  sinatra-activerecord (1.2.5) from /Users/hackreactor/.rvm/gems/ruby-2.0.0-p353@shortly/specifications/sinatra-activerecord-1.2.5.gemspec
I, [2014-02-06T16:21:30.278530 #22604]  INFO -- : 0:  sinatra-contrib (1.4.2) from /Users/hackreactor/.rvm/gems/ruby-2.0.0-p353@shortly/specifications/sinatra-contrib-1.4.2.gemspec
I, [2014-02-06T16:21:30.278830 #22604]  INFO -- : 0:  sqlite3 (1.3.8) from /Users/hackreactor/.rvm/gems/ruby-2.0.0-p353@shortly/specifications/sqlite3-1.3.8.gemspec
I, [2014-02-06T16:21:30.279128 #22604]  INFO -- : 0:  thin (1.6.1) from /Users/hackreactor/.rvm/gems/ruby-2.0.0-p353@shortly/specifications/thin-1.6.1.gemspec
I, [2014-02-06T16:21:30.279421 #22604]  INFO -- : 0:  tux (0.3.0) from /Users/hackreactor/.rvm/gems/ruby-2.0.0-p353@shortly/specifications/tux-0.3.0.gemspec
I, [2014-02-06T16:21:30.279686 #22604]  INFO -- : 0:  bundler (1.5.1) from /Users/hackreactor/.rvm/gems/ruby-2.0.0-p353@global/specifications/bundler-1.5.1.gemspec
I, [2014-02-06T16:23:09.149806 #22748]  INFO -- : 0:  rake (10.1.1) from /Users/hackreactor/.rvm/gems/ruby-2.0.0-p353@shortly/specifications/rake-10.1.1.gemspec
I, [2014-02-06T16:23:09.150203 #22748]  INFO -- : 0:  i18n (0.6.9) from /Users/hackreactor/.rvm/gems/ruby-2.0.0-p353@shortly/specifications/i18n-0.6.9.gemspec
I, [2014-02-06T16:23:09.150503 #22748]  INFO -- : 0:  minitest (4.7.5) from /Users/hackreactor/.rvm/gems/ruby-2.0.0-p353@shortly/specifications/minitest-4.7.5.gemspec
I, [2014-02-06T16:23:09.150773 #22748]  INFO -- : 0:  multi_json (1.8.4) from /Users/hackreactor/.rvm/gems/ruby-2.0.0-p353@shortly/specifications/multi_json-1.8.4.gemspec
I, [2014-02-06T16:23:09.151040 #22748]  INFO -- : 0:  atomic (1.1.14) from /Users/hackreactor/.rvm/gems/ruby-2.0.0-p353@shortly/specifications/atomic-1.1.14.gemspec
I, [2014-02-06T16:23:09.151278 #22748]  INFO -- : 0:  thread_safe (0.1.3) from /Users/hackreactor/.rvm/gems/ruby-2.0.0-p353@shortly/specifications/thread_safe-0.1.3.gemspec
I, [2014-02-06T16:23:09.151536 #22748]  INFO -- : 0:  tzinfo (0.3.38) from /Users/hackreactor/.rvm/gems/ruby-2.0.0-p353@shortly/specifications/tzinfo-0.3.38.gemspec
I, [2014-02-06T16:23:09.151805 #22748]  INFO -- : 0:  activesupport (4.0.2) from /Users/hackreactor/.rvm/gems/ruby-2.0.0-p353@shortly/specifications/activesupport-4.0.2.gemspec
I, [2014-02-06T16:23:09.152038 #22748]  INFO -- : 0:  builder (3.1.4) from /Users/hackreactor/.rvm/gems/ruby-2.0.0-p353@shortly/specifications/builder-3.1.4.gemspec
I, [2014-02-06T16:23:09.152309 #22748]  INFO -- : 0:  activemodel (4.0.2) from /Users/hackreactor/.rvm/gems/ruby-2.0.0-p353@shortly/specifications/activemodel-4.0.2.gemspec
I, [2014-02-06T16:23:09.152541 #22748]  INFO -- : 0:  activerecord-deprecated_finders (1.0.3) from /Users/hackreactor/.rvm/gems/ruby-2.0.0-p353@shortly/specifications/activerecord-deprecated_finders-1.0.3.gemspec
I, [2014-02-06T16:23:09.152796 #22748]  INFO -- : 0:  arel (4.0.1) from /Users/hackreactor/.rvm/gems/ruby-2.0.0-p353@shortly/specifications/arel-4.0.1.gemspec
I, [2014-02-06T16:23:09.153052 #22748]  INFO -- : 0:  activerecord (4.0.2) from /Users/hackreactor/.rvm/gems/ruby-2.0.0-p353@shortly/specifications/activerecord-4.0.2.gemspec
I, [2014-02-06T16:23:09.153285 #22748]  INFO -- : 0:  backports (3.5.0) from /Users/hackreactor/.rvm/gems/ruby-2.0.0-p353@shortly/specifications/backports-3.5.0.gemspec
I, [2014-02-06T16:23:09.153543 #22748]  INFO -- : 0:  bcrypt-ruby (3.1.2) from /Users/hackreactor/.rvm/gems/ruby-2.0.0-p353@shortly/specifications/bcrypt-ruby-3.1.2.gemspec
I, [2014-02-06T16:23:09.153876 #22748]  INFO -- : 0:  bond (0.4.3) from /Users/hackreactor/.rvm/gems/ruby-2.0.0-p353@shortly/specifications/bond-0.4.3.gemspec
I, [2014-02-06T16:23:09.154177 #22748]  INFO -- : 0:  coderay (1.1.0) from /Users/hackreactor/.rvm/gems/ruby-2.0.0-p353@shortly/specifications/coderay-1.1.0.gemspec
I, [2014-02-06T16:23:09.154451 #22748]  INFO -- : 0:  daemons (1.1.9) from /Users/hackreactor/.rvm/gems/ruby-2.0.0-p353@shortly/specifications/daemons-1.1.9.gemspec
I, [2014-02-06T16:23:09.154682 #22748]  INFO -- : 0:  diff-lcs (1.2.5) from /Users/hackreactor/.rvm/gems/ruby-2.0.0-p353@shortly/specifications/diff-lcs-1.2.5.gemspec
I, [2014-02-06T16:23:09.154933 #22748]  INFO -- : 0:  eventmachine (1.0.3) from /Users/hackreactor/.rvm/gems/ruby-2.0.0-p353@shortly/specifications/eventmachine-1.0.3.gemspec
I, [2014-02-06T16:23:09.155191 #22748]  INFO -- : 0:  method_source (0.8.2) from /Users/hackreactor/.rvm/gems/ruby-2.0.0-p353@shortly/specifications/method_source-0.8.2.gemspec
I, [2014-02-06T16:23:09.155448 #22748]  INFO -- : 0:  slop (3.4.7) from /Users/hackreactor/.rvm/gems/ruby-2.0.0-p353@shortly/specifications/slop-3.4.7.gemspec
I, [2014-02-06T16:23:09.155680 #22748]  INFO -- : 0:  pry (0.9.12.6) from /Users/hackreactor/.rvm/gems/ruby-2.0.0-p353@shortly/specifications/pry-0.9.12.6.gemspec
I, [2014-02-06T16:23:09.155929 #22748]  INFO -- : 0:  rack (1.5.2) from /Users/hackreactor/.rvm/gems/ruby-2.0.0-p353@shortly/specifications/rack-1.5.2.gemspec
I, [2014-02-06T16:23:09.156180 #22748]  INFO -- : 0:  rack-protection (1.5.2) from /Users/hackreactor/.rvm/gems/ruby-2.0.0-p353@shortly/specifications/rack-protection-1.5.2.gemspec
I, [2014-02-06T16:23:09.156433 #22748]  INFO -- : 0:  rack-test (0.6.2) from /Users/hackreactor/.rvm/gems/ruby-2.0.0-p353@shortly/specifications/rack-test-0.6.2.gemspec
I, [2014-02-06T16:23:09.156663 #22748]  INFO -- : 0:  ripl (0.7.0) from /Users/hackreactor/.rvm/gems/ruby-2.0.0-p353@shortly/specifications/ripl-0.7.0.gemspec
I, [2014-02-06T16:23:09.156939 #22748]  INFO -- : 0:  ripl-multi_line (0.3.1) from /Users/hackreactor/.rvm/gems/ruby-2.0.0-p353@shortly/specifications/ripl-multi_line-0.3.1.gemspec
I, [2014-02-06T16:23:09.157190 #22748]  INFO -- : 0:  ripl-rack (0.2.0) from /Users/hackreactor/.rvm/gems/ruby-2.0.0-p353@shortly/specifications/ripl-rack-0.2.0.gemspec
I, [2014-02-06T16:23:09.157422 #22748]  INFO -- : 0:  rspec-core (2.14.7) from /Users/hackreactor/.rvm/gems/ruby-2.0.0-p353@shortly/specifications/rspec-core-2.14.7.gemspec
I, [2014-02-06T16:23:09.157785 #22748]  INFO -- : 0:  rspec-expectations (2.14.5) from /Users/hackreactor/.rvm/gems/ruby-2.0.0-p353@shortly/specifications/rspec-expectations-2.14.5.gemspec
I, [2014-02-06T16:23:09.158051 #22748]  INFO -- : 0:  rspec-mocks (2.14.5) from /Users/hackreactor/.rvm/gems/ruby-2.0.0-p353@shortly/specifications/rspec-mocks-2.14.5.gemspec
I, [2014-02-06T16:23:09.158307 #22748]  INFO -- : 0:  rspec (2.14.1) from /Users/hackreactor/.rvm/gems/ruby-2.0.0-p353@shortly/specifications/rspec-2.14.1.gemspec
I, [2014-02-06T16:23:09.158556 #22748]  INFO -- : 0:  tilt (1.4.1) from /Users/hackreactor/.rvm/gems/ruby-2.0.0-p353@shortly/specifications/tilt-1.4.1.gemspec
I, [2014-02-06T16:23:09.158815 #22748]  INFO -- : 0:  sinatra (1.4.4) from /Users/hackreactor/.rvm/gems/ruby-2.0.0-p353@shortly/specifications/sinatra-1.4.4.gemspec
I, [2014-02-06T16:23:09.159048 #22748]  INFO -- : 0:  sinatra-activerecord (1.2.5) from /Users/hackreactor/.rvm/gems/ruby-2.0.0-p353@shortly/specifications/sinatra-activerecord-1.2.5.gemspec
I, [2014-02-06T16:23:09.159338 #22748]  INFO -- : 0:  sinatra-contrib (1.4.2) from /Users/hackreactor/.rvm/gems/ruby-2.0.0-p353@shortly/specifications/sinatra-contrib-1.4.2.gemspec
I, [2014-02-06T16:23:09.159596 #22748]  INFO -- : 0:  sqlite3 (1.3.8) from /Users/hackreactor/.rvm/gems/ruby-2.0.0-p353@shortly/specifications/sqlite3-1.3.8.gemspec
I, [2014-02-06T16:23:09.159916 #22748]  INFO -- : 0:  thin (1.6.1) from /Users/hackreactor/.rvm/gems/ruby-2.0.0-p353@shortly/specifications/thin-1.6.1.gemspec
I, [2014-02-06T16:23:09.160247 #22748]  INFO -- : 0:  tux (0.3.0) from /Users/hackreactor/.rvm/gems/ruby-2.0.0-p353@shortly/specifications/tux-0.3.0.gemspec
I, [2014-02-06T16:23:09.160518 #22748]  INFO -- : 0:  bundler (1.5.1) from /Users/hackreactor/.rvm/gems/ruby-2.0.0-p353@global/specifications/bundler-1.5.1.gemspec
I, [2014-02-06T16:29:51.486855 #22828]  INFO -- : 0:  rake (10.1.1) from /Users/hackreactor/.rvm/gems/ruby-2.0.0-p353@shortly/specifications/rake-10.1.1.gemspec
I, [2014-02-06T16:29:51.487270 #22828]  INFO -- : 0:  i18n (0.6.9) from /Users/hackreactor/.rvm/gems/ruby-2.0.0-p353@shortly/specifications/i18n-0.6.9.gemspec
I, [2014-02-06T16:29:51.487596 #22828]  INFO -- : 0:  minitest (4.7.5) from /Users/hackreactor/.rvm/gems/ruby-2.0.0-p353@shortly/specifications/minitest-4.7.5.gemspec
I, [2014-02-06T16:29:51.487859 #22828]  INFO -- : 0:  multi_json (1.8.4) from /Users/hackreactor/.rvm/gems/ruby-2.0.0-p353@shortly/specifications/multi_json-1.8.4.gemspec
I, [2014-02-06T16:29:51.488169 #22828]  INFO -- : 0:  atomic (1.1.14) from /Users/hackreactor/.rvm/gems/ruby-2.0.0-p353@shortly/specifications/atomic-1.1.14.gemspec
I, [2014-02-06T16:29:51.488460 #22828]  INFO -- : 0:  thread_safe (0.1.3) from /Users/hackreactor/.rvm/gems/ruby-2.0.0-p353@shortly/specifications/thread_safe-0.1.3.gemspec
I, [2014-02-06T16:29:51.488723 #22828]  INFO -- : 0:  tzinfo (0.3.38) from /Users/hackreactor/.rvm/gems/ruby-2.0.0-p353@shortly/specifications/tzinfo-0.3.38.gemspec
I, [2014-02-06T16:29:51.489006 #22828]  INFO -- : 0:  activesupport (4.0.2) from /Users/hackreactor/.rvm/gems/ruby-2.0.0-p353@shortly/specifications/activesupport-4.0.2.gemspec
I, [2014-02-06T16:29:51.489275 #22828]  INFO -- : 0:  builder (3.1.4) from /Users/hackreactor/.rvm/gems/ruby-2.0.0-p353@shortly/specifications/builder-3.1.4.gemspec
I, [2014-02-06T16:29:51.489508 #22828]  INFO -- : 0:  activemodel (4.0.2) from /Users/hackreactor/.rvm/gems/ruby-2.0.0-p353@shortly/specifications/activemodel-4.0.2.gemspec
I, [2014-02-06T16:29:51.489783 #22828]  INFO -- : 0:  activerecord-deprecated_finders (1.0.3) from /Users/hackreactor/.rvm/gems/ruby-2.0.0-p353@shortly/specifications/activerecord-deprecated_finders-1.0.3.gemspec
I, [2014-02-06T16:29:51.490035 #22828]  INFO -- : 0:  arel (4.0.1) from /Users/hackreactor/.rvm/gems/ruby-2.0.0-p353@shortly/specifications/arel-4.0.1.gemspec
I, [2014-02-06T16:29:51.490283 #22828]  INFO -- : 0:  activerecord (4.0.2) from /Users/hackreactor/.rvm/gems/ruby-2.0.0-p353@shortly/specifications/activerecord-4.0.2.gemspec
I, [2014-02-06T16:29:51.490542 #22828]  INFO -- : 0:  backports (3.5.0) from /Users/hackreactor/.rvm/gems/ruby-2.0.0-p353@shortly/specifications/backports-3.5.0.gemspec
I, [2014-02-06T16:29:51.490771 #22828]  INFO -- : 0:  bcrypt-ruby (3.1.2) from /Users/hackreactor/.rvm/gems/ruby-2.0.0-p353@shortly/specifications/bcrypt-ruby-3.1.2.gemspec
I, [2014-02-06T16:29:51.491047 #22828]  INFO -- : 0:  bond (0.4.3) from /Users/hackreactor/.rvm/gems/ruby-2.0.0-p353@shortly/specifications/bond-0.4.3.gemspec
I, [2014-02-06T16:29:51.491576 #22828]  INFO -- : 0:  coderay (1.1.0) from /Users/hackreactor/.rvm/gems/ruby-2.0.0-p353@shortly/specifications/coderay-1.1.0.gemspec
I, [2014-02-06T16:29:51.492044 #22828]  INFO -- : 0:  daemons (1.1.9) from /Users/hackreactor/.rvm/gems/ruby-2.0.0-p353@shortly/specifications/daemons-1.1.9.gemspec
I, [2014-02-06T16:29:51.492447 #22828]  INFO -- : 0:  diff-lcs (1.2.5) from /Users/hackreactor/.rvm/gems/ruby-2.0.0-p353@shortly/specifications/diff-lcs-1.2.5.gemspec
I, [2014-02-06T16:29:51.492841 #22828]  INFO -- : 0:  eventmachine (1.0.3) from /Users/hackreactor/.rvm/gems/ruby-2.0.0-p353@shortly/specifications/eventmachine-1.0.3.gemspec
I, [2014-02-06T16:29:51.493198 #22828]  INFO -- : 0:  method_source (0.8.2) from /Users/hackreactor/.rvm/gems/ruby-2.0.0-p353@shortly/specifications/method_source-0.8.2.gemspec
I, [2014-02-06T16:29:51.493589 #22828]  INFO -- : 0:  slop (3.4.7) from /Users/hackreactor/.rvm/gems/ruby-2.0.0-p353@shortly/specifications/slop-3.4.7.gemspec
I, [2014-02-06T16:29:51.493978 #22828]  INFO -- : 0:  pry (0.9.12.6) from /Users/hackreactor/.rvm/gems/ruby-2.0.0-p353@shortly/specifications/pry-0.9.12.6.gemspec
I, [2014-02-06T16:29:51.494401 #22828]  INFO -- : 0:  rack (1.5.2) from /Users/hackreactor/.rvm/gems/ruby-2.0.0-p353@shortly/specifications/rack-1.5.2.gemspec
I, [2014-02-06T16:29:51.494792 #22828]  INFO -- : 0:  rack-protection (1.5.2) from /Users/hackreactor/.rvm/gems/ruby-2.0.0-p353@shortly/specifications/rack-protection-1.5.2.gemspec
I, [2014-02-06T16:29:51.495205 #22828]  INFO -- : 0:  rack-test (0.6.2) from /Users/hackreactor/.rvm/gems/ruby-2.0.0-p353@shortly/specifications/rack-test-0.6.2.gemspec
I, [2014-02-06T16:29:51.495567 #22828]  INFO -- : 0:  ripl (0.7.0) from /Users/hackreactor/.rvm/gems/ruby-2.0.0-p353@shortly/specifications/ripl-0.7.0.gemspec
I, [2014-02-06T16:29:51.495859 #22828]  INFO -- : 0:  ripl-multi_line (0.3.1) from /Users/hackreactor/.rvm/gems/ruby-2.0.0-p353@shortly/specifications/ripl-multi_line-0.3.1.gemspec
I, [2014-02-06T16:29:51.496115 #22828]  INFO -- : 0:  ripl-rack (0.2.0) from /Users/hackreactor/.rvm/gems/ruby-2.0.0-p353@shortly/specifications/ripl-rack-0.2.0.gemspec
I, [2014-02-06T16:29:51.496368 #22828]  INFO -- : 0:  rspec-core (2.14.7) from /Users/hackreactor/.rvm/gems/ruby-2.0.0-p353@shortly/specifications/rspec-core-2.14.7.gemspec
I, [2014-02-06T16:29:51.496616 #22828]  INFO -- : 0:  rspec-expectations (2.14.5) from /Users/hackreactor/.rvm/gems/ruby-2.0.0-p353@shortly/specifications/rspec-expectations-2.14.5.gemspec
I, [2014-02-06T16:29:51.496840 #22828]  INFO -- : 0:  rspec-mocks (2.14.5) from /Users/hackreactor/.rvm/gems/ruby-2.0.0-p353@shortly/specifications/rspec-mocks-2.14.5.gemspec
I, [2014-02-06T16:29:51.497086 #22828]  INFO -- : 0:  rspec (2.14.1) from /Users/hackreactor/.rvm/gems/ruby-2.0.0-p353@shortly/specifications/rspec-2.14.1.gemspec
I, [2014-02-06T16:29:51.497327 #22828]  INFO -- : 0:  tilt (1.4.1) from /Users/hackreactor/.rvm/gems/ruby-2.0.0-p353@shortly/specifications/tilt-1.4.1.gemspec
I, [2014-02-06T16:29:51.497573 #22828]  INFO -- : 0:  sinatra (1.4.4) from /Users/hackreactor/.rvm/gems/ruby-2.0.0-p353@shortly/specifications/sinatra-1.4.4.gemspec
I, [2014-02-06T16:29:51.497819 #22828]  INFO -- : 0:  sinatra-activerecord (1.2.5) from /Users/hackreactor/.rvm/gems/ruby-2.0.0-p353@shortly/specifications/sinatra-activerecord-1.2.5.gemspec
I, [2014-02-06T16:29:51.498064 #22828]  INFO -- : 0:  sinatra-contrib (1.4.2) from /Users/hackreactor/.rvm/gems/ruby-2.0.0-p353@shortly/specifications/sinatra-contrib-1.4.2.gemspec
I, [2014-02-06T16:29:51.498289 #22828]  INFO -- : 0:  sqlite3 (1.3.8) from /Users/hackreactor/.rvm/gems/ruby-2.0.0-p353@shortly/specifications/sqlite3-1.3.8.gemspec
I, [2014-02-06T16:29:51.498545 #22828]  INFO -- : 0:  thin (1.6.1) from /Users/hackreactor/.rvm/gems/ruby-2.0.0-p353@shortly/specifications/thin-1.6.1.gemspec
I, [2014-02-06T16:29:51.498790 #22828]  INFO -- : 0:  tux (0.3.0) from /Users/hackreactor/.rvm/gems/ruby-2.0.0-p353@shortly/specifications/tux-0.3.0.gemspec
I, [2014-02-06T16:29:51.499027 #22828]  INFO -- : 0:  bundler (1.5.1) from /Users/hackreactor/.rvm/gems/ruby-2.0.0-p353@global/specifications/bundler-1.5.1.gemspec
I, [2014-02-06T16:33:05.231806 #22869]  INFO -- : 0:  rake (10.1.1) from /Users/hackreactor/.rvm/gems/ruby-2.0.0-p353@shortly/specifications/rake-10.1.1.gemspec
I, [2014-02-06T16:33:05.232228 #22869]  INFO -- : 0:  i18n (0.6.9) from /Users/hackreactor/.rvm/gems/ruby-2.0.0-p353@shortly/specifications/i18n-0.6.9.gemspec
I, [2014-02-06T16:33:05.232619 #22869]  INFO -- : 0:  minitest (4.7.5) from /Users/hackreactor/.rvm/gems/ruby-2.0.0-p353@shortly/specifications/minitest-4.7.5.gemspec
I, [2014-02-06T16:33:05.232993 #22869]  INFO -- : 0:  multi_json (1.8.4) from /Users/hackreactor/.rvm/gems/ruby-2.0.0-p353@shortly/specifications/multi_json-1.8.4.gemspec
I, [2014-02-06T16:33:05.233331 #22869]  INFO -- : 0:  atomic (1.1.14) from /Users/hackreactor/.rvm/gems/ruby-2.0.0-p353@shortly/specifications/atomic-1.1.14.gemspec
I, [2014-02-06T16:33:05.233684 #22869]  INFO -- : 0:  thread_safe (0.1.3) from /Users/hackreactor/.rvm/gems/ruby-2.0.0-p353@shortly/specifications/thread_safe-0.1.3.gemspec
I, [2014-02-06T16:33:05.234046 #22869]  INFO -- : 0:  tzinfo (0.3.38) from /Users/hackreactor/.rvm/gems/ruby-2.0.0-p353@shortly/specifications/tzinfo-0.3.38.gemspec
I, [2014-02-06T16:33:05.234377 #22869]  INFO -- : 0:  activesupport (4.0.2) from /Users/hackreactor/.rvm/gems/ruby-2.0.0-p353@shortly/specifications/activesupport-4.0.2.gemspec
I, [2014-02-06T16:33:05.234725 #22869]  INFO -- : 0:  builder (3.1.4) from /Users/hackreactor/.rvm/gems/ruby-2.0.0-p353@shortly/specifications/builder-3.1.4.gemspec
I, [2014-02-06T16:33:05.235368 #22869]  INFO -- : 0:  activemodel (4.0.2) from /Users/hackreactor/.rvm/gems/ruby-2.0.0-p353@shortly/specifications/activemodel-4.0.2.gemspec
I, [2014-02-06T16:33:05.235837 #22869]  INFO -- : 0:  activerecord-deprecated_finders (1.0.3) from /Users/hackreactor/.rvm/gems/ruby-2.0.0-p353@shortly/specifications/activerecord-deprecated_finders-1.0.3.gemspec
I, [2014-02-06T16:33:06.084437 #22869]  INFO -- : 0:  arel (4.0.2) from /Users/hackreactor/.rvm/gems/ruby-2.0.0-p353@shortly/specifications/arel-4.0.2.gemspec
I, [2014-02-06T16:33:06.085000 #22869]  INFO -- : 0:  activerecord (4.0.2) from /Users/hackreactor/.rvm/gems/ruby-2.0.0-p353@shortly/specifications/activerecord-4.0.2.gemspec
I, [2014-02-06T16:33:06.085344 #22869]  INFO -- : 0:  backports (3.5.0) from /Users/hackreactor/.rvm/gems/ruby-2.0.0-p353@shortly/specifications/backports-3.5.0.gemspec
I, [2014-02-06T16:33:06.085677 #22869]  INFO -- : 0:  bcrypt-ruby (3.1.2) from /Users/hackreactor/.rvm/gems/ruby-2.0.0-p353@shortly/specifications/bcrypt-ruby-3.1.2.gemspec
I, [2014-02-06T16:33:06.086002 #22869]  INFO -- : 0:  bond (0.4.3) from /Users/hackreactor/.rvm/gems/ruby-2.0.0-p353@shortly/specifications/bond-0.4.3.gemspec
I, [2014-02-06T16:33:06.086325 #22869]  INFO -- : 0:  coderay (1.1.0) from /Users/hackreactor/.rvm/gems/ruby-2.0.0-p353@shortly/specifications/coderay-1.1.0.gemspec
I, [2014-02-06T16:33:06.086647 #22869]  INFO -- : 0:  daemons (1.1.9) from /Users/hackreactor/.rvm/gems/ruby-2.0.0-p353@shortly/specifications/daemons-1.1.9.gemspec
I, [2014-02-06T16:33:06.086969 #22869]  INFO -- : 0:  diff-lcs (1.2.5) from /Users/hackreactor/.rvm/gems/ruby-2.0.0-p353@shortly/specifications/diff-lcs-1.2.5.gemspec
I, [2014-02-06T16:33:06.087240 #22869]  INFO -- : 0:  eventmachine (1.0.3) from /Users/hackreactor/.rvm/gems/ruby-2.0.0-p353@shortly/specifications/eventmachine-1.0.3.gemspec
I, [2014-02-06T16:33:06.087511 #22869]  INFO -- : 0:  method_source (0.8.2) from /Users/hackreactor/.rvm/gems/ruby-2.0.0-p353@shortly/specifications/method_source-0.8.2.gemspec
I, [2014-02-06T16:33:06.087779 #22869]  INFO -- : 0:  slop (3.4.7) from /Users/hackreactor/.rvm/gems/ruby-2.0.0-p353@shortly/specifications/slop-3.4.7.gemspec
I, [2014-02-06T16:33:06.088045 #22869]  INFO -- : 0:  pry (0.9.12.6) from /Users/hackreactor/.rvm/gems/ruby-2.0.0-p353@shortly/specifications/pry-0.9.12.6.gemspec
I, [2014-02-06T16:33:06.088311 #22869]  INFO -- : 0:  rack (1.5.2) from /Users/hackreactor/.rvm/gems/ruby-2.0.0-p353@shortly/specifications/rack-1.5.2.gemspec
I, [2014-02-06T16:33:06.088648 #22869]  INFO -- : 0:  rack-protection (1.5.2) from /Users/hackreactor/.rvm/gems/ruby-2.0.0-p353@shortly/specifications/rack-protection-1.5.2.gemspec
I, [2014-02-06T16:33:06.088921 #22869]  INFO -- : 0:  rack-test (0.6.2) from /Users/hackreactor/.rvm/gems/ruby-2.0.0-p353@shortly/specifications/rack-test-0.6.2.gemspec
I, [2014-02-06T16:33:06.089186 #22869]  INFO -- : 0:  ripl (0.7.0) from /Users/hackreactor/.rvm/gems/ruby-2.0.0-p353@shortly/specifications/ripl-0.7.0.gemspec
I, [2014-02-06T16:33:06.089455 #22869]  INFO -- : 0:  ripl-multi_line (0.3.1) from /Users/hackreactor/.rvm/gems/ruby-2.0.0-p353@shortly/specifications/ripl-multi_line-0.3.1.gemspec
I, [2014-02-06T16:33:06.089723 #22869]  INFO -- : 0:  ripl-rack (0.2.0) from /Users/hackreactor/.rvm/gems/ruby-2.0.0-p353@shortly/specifications/ripl-rack-0.2.0.gemspec
I, [2014-02-06T16:33:06.090000 #22869]  INFO -- : 0:  rspec-core (2.14.7) from /Users/hackreactor/.rvm/gems/ruby-2.0.0-p353@shortly/specifications/rspec-core-2.14.7.gemspec
I, [2014-02-06T16:33:06.090265 #22869]  INFO -- : 0:  rspec-expectations (2.14.5) from /Users/hackreactor/.rvm/gems/ruby-2.0.0-p353@shortly/specifications/rspec-expectations-2.14.5.gemspec
I, [2014-02-06T16:33:06.090506 #22869]  INFO -- : 0:  rspec-mocks (2.14.5) from /Users/hackreactor/.rvm/gems/ruby-2.0.0-p353@shortly/specifications/rspec-mocks-2.14.5.gemspec
I, [2014-02-06T16:33:06.090744 #22869]  INFO -- : 0:  rspec (2.14.1) from /Users/hackreactor/.rvm/gems/ruby-2.0.0-p353@shortly/specifications/rspec-2.14.1.gemspec
I, [2014-02-06T16:33:06.090979 #22869]  INFO -- : 0:  tilt (1.4.1) from /Users/hackreactor/.rvm/gems/ruby-2.0.0-p353@shortly/specifications/tilt-1.4.1.gemspec
I, [2014-02-06T16:33:06.091216 #22869]  INFO -- : 0:  sinatra (1.4.4) from /Users/hackreactor/.rvm/gems/ruby-2.0.0-p353@shortly/specifications/sinatra-1.4.4.gemspec
I, [2014-02-06T16:33:06.091453 #22869]  INFO -- : 0:  sinatra-activerecord (1.2.5) from /Users/hackreactor/.rvm/gems/ruby-2.0.0-p353@shortly/specifications/sinatra-activerecord-1.2.5.gemspec
I, [2014-02-06T16:33:06.091691 #22869]  INFO -- : 0:  sinatra-contrib (1.4.2) from /Users/hackreactor/.rvm/gems/ruby-2.0.0-p353@shortly/specifications/sinatra-contrib-1.4.2.gemspec
I, [2014-02-06T16:33:06.091999 #22869]  INFO -- : 0:  sqlite3 (1.3.8) from /Users/hackreactor/.rvm/gems/ruby-2.0.0-p353@shortly/specifications/sqlite3-1.3.8.gemspec
I, [2014-02-06T16:33:06.092298 #22869]  INFO -- : 0:  thin (1.6.1) from /Users/hackreactor/.rvm/gems/ruby-2.0.0-p353@shortly/specifications/thin-1.6.1.gemspec
I, [2014-02-06T16:33:06.092552 #22869]  INFO -- : 0:  tux (0.3.0) from /Users/hackreactor/.rvm/gems/ruby-2.0.0-p353@shortly/specifications/tux-0.3.0.gemspec
I, [2014-02-06T16:33:06.092786 #22869]  INFO -- : 0:  bundler (1.5.1) from /Users/hackreactor/.rvm/gems/ruby-2.0.0-p353@global/specifications/bundler-1.5.1.gemspec
I, [2014-02-06T16:38:34.667649 #24103]  INFO -- : 0:  rake (10.1.1) from /Users/hackreactor/.rvm/gems/ruby-2.0.0-p353/specifications/rake-10.1.1.gemspec
I, [2014-02-06T16:38:38.370498 #24103]  INFO -- : 0:  i18n (0.6.9) from /Users/hackreactor/.rvm/gems/ruby-2.0.0-p353/specifications/i18n-0.6.9.gemspec
I, [2014-02-06T16:38:45.719206 #24103]  INFO -- : 0:  minitest (4.7.5) from /Users/hackreactor/.rvm/gems/ruby-2.0.0-p353/specifications/minitest-4.7.5.gemspec
I, [2014-02-06T16:38:47.735191 #24103]  INFO -- : 0:  multi_json (1.8.4) from /Users/hackreactor/.rvm/gems/ruby-2.0.0-p353/specifications/multi_json-1.8.4.gemspec
I, [2014-02-06T16:38:49.316147 #24103]  INFO -- : 0:  atomic (1.1.14) from /Users/hackreactor/.rvm/gems/ruby-2.0.0-p353/specifications/atomic-1.1.14.gemspec
I, [2014-02-06T16:38:52.112823 #24103]  INFO -- : 0:  thread_safe (0.1.3) from /Users/hackreactor/.rvm/gems/ruby-2.0.0-p353/specifications/thread_safe-0.1.3.gemspec
I, [2014-02-06T16:38:57.772997 #24103]  INFO -- : 0:  tzinfo (0.3.38) from /Users/hackreactor/.rvm/gems/ruby-2.0.0-p353/specifications/tzinfo-0.3.38.gemspec
I, [2014-02-06T16:39:03.669111 #24103]  INFO -- : 0:  activesupport (4.0.2) from /Users/hackreactor/.rvm/gems/ruby-2.0.0-p353/specifications/activesupport-4.0.2.gemspec
I, [2014-02-06T16:39:05.388914 #24103]  INFO -- : 0:  builder (3.1.4) from /Users/hackreactor/.rvm/gems/ruby-2.0.0-p353/specifications/builder-3.1.4.gemspec
I, [2014-02-06T16:39:09.680016 #24103]  INFO -- : 0:  activemodel (4.0.2) from /Users/hackreactor/.rvm/gems/ruby-2.0.0-p353/specifications/activemodel-4.0.2.gemspec
I, [2014-02-06T16:39:14.618884 #24103]  INFO -- : 0:  activerecord-deprecated_finders (1.0.3) from /Users/hackreactor/.rvm/gems/ruby-2.0.0-p353/specifications/activerecord-deprecated_finders-1.0.3.gemspec
I, [2014-02-06T16:39:27.685982 #24103]  INFO -- : 0:  arel (4.0.2) from /Users/hackreactor/.rvm/gems/ruby-2.0.0-p353/specifications/arel-4.0.2.gemspec
I, [2014-02-06T16:39:29.255465 #24103]  INFO -- : 0:  activerecord (4.0.2) from /Users/hackreactor/.rvm/gems/ruby-2.0.0-p353/specifications/activerecord-4.0.2.gemspec
I, [2014-02-06T16:39:33.891307 #24103]  INFO -- : 0:  backports (3.5.0) from /Users/hackreactor/.rvm/gems/ruby-2.0.0-p353/specifications/backports-3.5.0.gemspec
I, [2014-02-06T16:39:45.124489 #24103]  INFO -- : 0:  bcrypt-ruby (3.1.2) from /Users/hackreactor/.rvm/gems/ruby-2.0.0-p353/specifications/bcrypt-ruby-3.1.2.gemspec
I, [2014-02-06T16:39:49.893059 #24103]  INFO -- : 0:  bond (0.4.3) from /Users/hackreactor/.rvm/gems/ruby-2.0.0-p353/specifications/bond-0.4.3.gemspec
I, [2014-02-06T16:39:50.684044 #24103]  INFO -- : 0:  coderay (1.1.0) from /Users/hackreactor/.rvm/gems/ruby-2.0.0-p353/specifications/coderay-1.1.0.gemspec
I, [2014-02-06T16:39:52.107653 #24103]  INFO -- : 0:  daemons (1.1.9) from /Users/hackreactor/.rvm/gems/ruby-2.0.0-p353/specifications/daemons-1.1.9.gemspec
I, [2014-02-06T16:39:53.125439 #24103]  INFO -- : 0:  diff-lcs (1.2.5) from /Users/hackreactor/.rvm/gems/ruby-2.0.0-p353/specifications/diff-lcs-1.2.5.gemspec
I, [2014-02-06T16:40:07.175245 #24103]  INFO -- : 0:  eventmachine (1.0.3) from /Users/hackreactor/.rvm/gems/ruby-2.0.0-p353/specifications/eventmachine-1.0.3.gemspec
I, [2014-02-06T16:40:13.227367 #24103]  INFO -- : 0:  method_source (0.8.2) from /Users/hackreactor/.rvm/gems/ruby-2.0.0-p353/specifications/method_source-0.8.2.gemspec
I, [2014-02-06T16:40:18.023578 #24103]  INFO -- : 0:  slop (3.4.7) from /Users/hackreactor/.rvm/gems/ruby-2.0.0-p353/specifications/slop-3.4.7.gemspec
I, [2014-02-06T16:40:19.353745 #24103]  INFO -- : 0:  pry (0.9.12.6) from /Users/hackreactor/.rvm/gems/ruby-2.0.0-p353/specifications/pry-0.9.12.6.gemspec
I, [2014-02-06T16:40:23.509232 #24103]  INFO -- : 0:  rack (1.5.2) from /Users/hackreactor/.rvm/gems/ruby-2.0.0-p353/specifications/rack-1.5.2.gemspec
I, [2014-02-06T16:40:26.478112 #24103]  INFO -- : 0:  rack-protection (1.5.2) from /Users/hackreactor/.rvm/gems/ruby-2.0.0-p353/specifications/rack-protection-1.5.2.gemspec
I, [2014-02-06T16:40:30.011711 #24103]  INFO -- : 0:  rack-test (0.6.2) from /Users/hackreactor/.rvm/gems/ruby-2.0.0-p353/specifications/rack-test-0.6.2.gemspec
I, [2014-02-06T16:40:31.109492 #24103]  INFO -- : 0:  ripl (0.7.0) from /Users/hackreactor/.rvm/gems/ruby-2.0.0-p353/specifications/ripl-0.7.0.gemspec
I, [2014-02-06T16:40:34.085244 #24103]  INFO -- : 0:  ripl-multi_line (0.3.1) from /Users/hackreactor/.rvm/gems/ruby-2.0.0-p353/specifications/ripl-multi_line-0.3.1.gemspec
I, [2014-02-06T16:40:34.830747 #24103]  INFO -- : 0:  ripl-rack (0.2.0) from /Users/hackreactor/.rvm/gems/ruby-2.0.0-p353/specifications/ripl-rack-0.2.0.gemspec
I, [2014-02-06T16:40:39.249531 #24103]  INFO -- : 0:  rspec-core (2.14.7) from /Users/hackreactor/.rvm/gems/ruby-2.0.0-p353/specifications/rspec-core-2.14.7.gemspec
I, [2014-02-06T16:40:41.281048 #24103]  INFO -- : 0:  rspec-expectations (2.14.5) from /Users/hackreactor/.rvm/gems/ruby-2.0.0-p353/specifications/rspec-expectations-2.14.5.gemspec
I, [2014-02-06T16:40:42.875163 #24103]  INFO -- : 0:  rspec-mocks (2.14.5) from /Users/hackreactor/.rvm/gems/ruby-2.0.0-p353/specifications/rspec-mocks-2.14.5.gemspec
I, [2014-02-06T16:40:44.751648 #24103]  INFO -- : 0:  rspec (2.14.1) from /Users/hackreactor/.rvm/gems/ruby-2.0.0-p353/specifications/rspec-2.14.1.gemspec
I, [2014-02-06T16:40:46.362133 #24103]  INFO -- : 0:  tilt (1.4.1) from /Users/hackreactor/.rvm/gems/ruby-2.0.0-p353/specifications/tilt-1.4.1.gemspec
I, [2014-02-06T16:40:51.707918 #24103]  INFO -- : 0:  sinatra (1.4.4) from /Users/hackreactor/.rvm/gems/ruby-2.0.0-p353/specifications/sinatra-1.4.4.gemspec
I, [2014-02-06T16:40:52.254361 #24103]  INFO -- : 0:  sinatra-activerecord (1.2.5) from /Users/hackreactor/.rvm/gems/ruby-2.0.0-p353/specifications/sinatra-activerecord-1.2.5.gemspec
I, [2014-02-06T16:40:55.792024 #24103]  INFO -- : 0:  sinatra-contrib (1.4.2) from /Users/hackreactor/.rvm/gems/ruby-2.0.0-p353/specifications/sinatra-contrib-1.4.2.gemspec
I, [2014-02-06T16:40:58.883392 #24103]  INFO -- : 0:  sqlite3 (1.3.8) from /Users/hackreactor/.rvm/gems/ruby-2.0.0-p353/specifications/sqlite3-1.3.8.gemspec
I, [2014-02-06T16:41:00.582045 #24103]  INFO -- : 0:  thin (1.6.1) from /Users/hackreactor/.rvm/gems/ruby-2.0.0-p353/specifications/thin-1.6.1.gemspec
I, [2014-02-06T16:41:02.401932 #24103]  INFO -- : 0:  tux (0.3.0) from /Users/hackreactor/.rvm/gems/ruby-2.0.0-p353/specifications/tux-0.3.0.gemspec
I, [2014-02-06T16:41:02.402588 #24103]  INFO -- : 0:  bundler (1.5.1) from /Users/hackreactor/.rvm/gems/ruby-2.0.0-p353@global/specifications/bundler-1.5.1.gemspec
I, [2014-02-06T16:46:00.961496 #25410]  INFO -- : 0:  rake (10.1.1) from /Users/hackreactor/.rvm/gems/ruby-2.0.0-p353/specifications/rake-10.1.1.gemspec
I, [2014-02-06T16:46:00.961899 #25410]  INFO -- : 0:  i18n (0.6.9) from /Users/hackreactor/.rvm/gems/ruby-2.0.0-p353/specifications/i18n-0.6.9.gemspec
I, [2014-02-06T16:46:00.962169 #25410]  INFO -- : 0:  minitest (4.7.5) from /Users/hackreactor/.rvm/gems/ruby-2.0.0-p353/specifications/minitest-4.7.5.gemspec
I, [2014-02-06T16:46:00.962410 #25410]  INFO -- : 0:  multi_json (1.8.4) from /Users/hackreactor/.rvm/gems/ruby-2.0.0-p353/specifications/multi_json-1.8.4.gemspec
I, [2014-02-06T16:46:00.962648 #25410]  INFO -- : 0:  atomic (1.1.14) from /Users/hackreactor/.rvm/gems/ruby-2.0.0-p353/specifications/atomic-1.1.14.gemspec
I, [2014-02-06T16:46:00.962884 #25410]  INFO -- : 0:  thread_safe (0.1.3) from /Users/hackreactor/.rvm/gems/ruby-2.0.0-p353/specifications/thread_safe-0.1.3.gemspec
I, [2014-02-06T16:46:00.963124 #25410]  INFO -- : 0:  tzinfo (0.3.38) from /Users/hackreactor/.rvm/gems/ruby-2.0.0-p353/specifications/tzinfo-0.3.38.gemspec
I, [2014-02-06T16:46:00.973861 #25410]  INFO -- : 0:  activesupport (4.0.2) from /Users/hackreactor/.rvm/gems/ruby-2.0.0-p353/specifications/activesupport-4.0.2.gemspec
I, [2014-02-06T16:46:00.974195 #25410]  INFO -- : 0:  builder (3.1.4) from /Users/hackreactor/.rvm/gems/ruby-2.0.0-p353/specifications/builder-3.1.4.gemspec
I, [2014-02-06T16:46:00.974491 #25410]  INFO -- : 0:  activemodel (4.0.2) from /Users/hackreactor/.rvm/gems/ruby-2.0.0-p353/specifications/activemodel-4.0.2.gemspec
I, [2014-02-06T16:46:00.974771 #25410]  INFO -- : 0:  activerecord-deprecated_finders (1.0.3) from /Users/hackreactor/.rvm/gems/ruby-2.0.0-p353/specifications/activerecord-deprecated_finders-1.0.3.gemspec
I, [2014-02-06T16:46:00.975020 #25410]  INFO -- : 0:  arel (4.0.2) from /Users/hackreactor/.rvm/gems/ruby-2.0.0-p353/specifications/arel-4.0.2.gemspec
I, [2014-02-06T16:46:00.975265 #25410]  INFO -- : 0:  activerecord (4.0.2) from /Users/hackreactor/.rvm/gems/ruby-2.0.0-p353/specifications/activerecord-4.0.2.gemspec
I, [2014-02-06T16:46:00.975513 #25410]  INFO -- : 0:  backports (3.5.0) from /Users/hackreactor/.rvm/gems/ruby-2.0.0-p353/specifications/backports-3.5.0.gemspec
I, [2014-02-06T16:46:01.698477 #25410]  INFO -- : 0:  bcrypt-ruby (3.1.2) from /Users/hackreactor/.rvm/gems/ruby-2.0.0-p353/bundler/gems/bcrypt-ruby-df09e4c73f2f/bcrypt-ruby.gemspec
I, [2014-02-06T16:46:01.699350 #25410]  INFO -- : 0:  bond (0.4.3) from /Users/hackreactor/.rvm/gems/ruby-2.0.0-p353/specifications/bond-0.4.3.gemspec
I, [2014-02-06T16:46:01.699971 #25410]  INFO -- : 0:  coderay (1.1.0) from /Users/hackreactor/.rvm/gems/ruby-2.0.0-p353/specifications/coderay-1.1.0.gemspec
I, [2014-02-06T16:46:01.700492 #25410]  INFO -- : 0:  daemons (1.1.9) from /Users/hackreactor/.rvm/gems/ruby-2.0.0-p353/specifications/daemons-1.1.9.gemspec
I, [2014-02-06T16:46:01.701024 #25410]  INFO -- : 0:  diff-lcs (1.2.5) from /Users/hackreactor/.rvm/gems/ruby-2.0.0-p353/specifications/diff-lcs-1.2.5.gemspec
I, [2014-02-06T16:46:01.701778 #25410]  INFO -- : 0:  eventmachine (1.0.3) from /Users/hackreactor/.rvm/gems/ruby-2.0.0-p353/specifications/eventmachine-1.0.3.gemspec
I, [2014-02-06T16:46:01.702354 #25410]  INFO -- : 0:  method_source (0.8.2) from /Users/hackreactor/.rvm/gems/ruby-2.0.0-p353/specifications/method_source-0.8.2.gemspec
I, [2014-02-06T16:46:01.702759 #25410]  INFO -- : 0:  slop (3.4.7) from /Users/hackreactor/.rvm/gems/ruby-2.0.0-p353/specifications/slop-3.4.7.gemspec
I, [2014-02-06T16:46:01.703240 #25410]  INFO -- : 0:  pry (0.9.12.6) from /Users/hackreactor/.rvm/gems/ruby-2.0.0-p353/specifications/pry-0.9.12.6.gemspec
I, [2014-02-06T16:46:01.703679 #25410]  INFO -- : 0:  rack (1.5.2) from /Users/hackreactor/.rvm/gems/ruby-2.0.0-p353/specifications/rack-1.5.2.gemspec
I, [2014-02-06T16:46:01.704039 #25410]  INFO -- : 0:  rack-protection (1.5.2) from /Users/hackreactor/.rvm/gems/ruby-2.0.0-p353/specifications/rack-protection-1.5.2.gemspec
I, [2014-02-06T16:46:01.704377 #25410]  INFO -- : 0:  rack-test (0.6.2) from /Users/hackreactor/.rvm/gems/ruby-2.0.0-p353/specifications/rack-test-0.6.2.gemspec
I, [2014-02-06T16:46:01.704765 #25410]  INFO -- : 0:  ripl (0.7.0) from /Users/hackreactor/.rvm/gems/ruby-2.0.0-p353/specifications/ripl-0.7.0.gemspec
I, [2014-02-06T16:46:01.705103 #25410]  INFO -- : 0:  ripl-multi_line (0.3.1) from /Users/hackreactor/.rvm/gems/ruby-2.0.0-p353/specifications/ripl-multi_line-0.3.1.gemspec
I, [2014-02-06T16:46:01.705418 #25410]  INFO -- : 0:  ripl-rack (0.2.0) from /Users/hackreactor/.rvm/gems/ruby-2.0.0-p353/specifications/ripl-rack-0.2.0.gemspec
I, [2014-02-06T16:46:01.705747 #25410]  INFO -- : 0:  rspec-core (2.14.7) from /Users/hackreactor/.rvm/gems/ruby-2.0.0-p353/specifications/rspec-core-2.14.7.gemspec
I, [2014-02-06T16:46:01.706141 #25410]  INFO -- : 0:  rspec-expectations (2.14.5) from /Users/hackreactor/.rvm/gems/ruby-2.0.0-p353/specifications/rspec-expectations-2.14.5.gemspec
I, [2014-02-06T16:46:01.706459 #25410]  INFO -- : 0:  rspec-mocks (2.14.5) from /Users/hackreactor/.rvm/gems/ruby-2.0.0-p353/specifications/rspec-mocks-2.14.5.gemspec
I, [2014-02-06T16:46:01.706760 #25410]  INFO -- : 0:  rspec (2.14.1) from /Users/hackreactor/.rvm/gems/ruby-2.0.0-p353/specifications/rspec-2.14.1.gemspec
I, [2014-02-06T16:46:01.707068 #25410]  INFO -- : 0:  tilt (1.4.1) from /Users/hackreactor/.rvm/gems/ruby-2.0.0-p353/specifications/tilt-1.4.1.gemspec
I, [2014-02-06T16:46:01.707370 #25410]  INFO -- : 0:  sinatra (1.4.4) from /Users/hackreactor/.rvm/gems/ruby-2.0.0-p353/specifications/sinatra-1.4.4.gemspec
I, [2014-02-06T16:46:01.707669 #25410]  INFO -- : 0:  sinatra-activerecord (1.2.5) from /Users/hackreactor/.rvm/gems/ruby-2.0.0-p353/specifications/sinatra-activerecord-1.2.5.gemspec
I, [2014-02-06T16:46:01.707963 #25410]  INFO -- : 0:  sinatra-contrib (1.4.2) from /Users/hackreactor/.rvm/gems/ruby-2.0.0-p353/specifications/sinatra-contrib-1.4.2.gemspec
I, [2014-02-06T16:46:01.708245 #25410]  INFO -- : 0:  sqlite3 (1.3.8) from /Users/hackreactor/.rvm/gems/ruby-2.0.0-p353/specifications/sqlite3-1.3.8.gemspec
I, [2014-02-06T16:46:01.708530 #25410]  INFO -- : 0:  thin (1.6.1) from /Users/hackreactor/.rvm/gems/ruby-2.0.0-p353/specifications/thin-1.6.1.gemspec
I, [2014-02-06T16:46:01.708805 #25410]  INFO -- : 0:  tux (0.3.0) from /Users/hackreactor/.rvm/gems/ruby-2.0.0-p353/specifications/tux-0.3.0.gemspec
I, [2014-02-06T16:46:01.709075 #25410]  INFO -- : 0:  bundler (1.5.1) from /Users/hackreactor/.rvm/gems/ruby-2.0.0-p353@global/specifications/bundler-1.5.1.gemspec
